# WPPM package installation log
# 
# Package: pip v1.4.1

Lib\site-packages\pip
Lib\site-packages\pip-1.4.1-py2.7.egg-info
Lib\site-packages\pip\backwardcompat
Lib\site-packages\pip\commands
Lib\site-packages\pip\vcs
Lib\site-packages\pip\vendor
Lib\site-packages\pip\basecommand.py
Lib\site-packages\pip\baseparser.py
Lib\site-packages\pip\cacert.pem
Lib\site-packages\pip\cmdoptions.py
Lib\site-packages\pip\download.py
Lib\site-packages\pip\exceptions.py
Lib\site-packages\pip\index.py
Lib\site-packages\pip\locations.py
Lib\site-packages\pip\log.py
Lib\site-packages\pip\pep425tags.py
Lib\site-packages\pip\req.py
Lib\site-packages\pip\runner.py
Lib\site-packages\pip\status_codes.py
Lib\site-packages\pip\util.py
Lib\site-packages\pip\wheel.py
Lib\site-packages\pip\__init__.py
Lib\site-packages\pip\__main__.py
Lib\site-packages\pip\backwardcompat\ssl_match_hostname.py
Lib\site-packages\pip\backwardcompat\__init__.py
Lib\site-packages\pip\commands\bundle.py
Lib\site-packages\pip\commands\completion.py
Lib\site-packages\pip\commands\freeze.py
Lib\site-packages\pip\commands\help.py
Lib\site-packages\pip\commands\install.py
Lib\site-packages\pip\commands\list.py
Lib\site-packages\pip\commands\search.py
Lib\site-packages\pip\commands\show.py
Lib\site-packages\pip\commands\uninstall.py
Lib\site-packages\pip\commands\unzip.py
Lib\site-packages\pip\commands\wheel.py
Lib\site-packages\pip\commands\zip.py
Lib\site-packages\pip\commands\__init__.py
Lib\site-packages\pip\vcs\bazaar.py
Lib\site-packages\pip\vcs\git.py
Lib\site-packages\pip\vcs\mercurial.py
Lib\site-packages\pip\vcs\subversion.py
Lib\site-packages\pip\vcs\__init__.py
Lib\site-packages\pip\vendor\distlib
Lib\site-packages\pip\vendor\html5lib
Lib\site-packages\pip\vendor\six.py
Lib\site-packages\pip\vendor\__init__.py
Lib\site-packages\pip\vendor\distlib\_backport
Lib\site-packages\pip\vendor\distlib\compat.py
Lib\site-packages\pip\vendor\distlib\database.py
Lib\site-packages\pip\vendor\distlib\index.py
Lib\site-packages\pip\vendor\distlib\locators.py
Lib\site-packages\pip\vendor\distlib\manifest.py
Lib\site-packages\pip\vendor\distlib\markers.py
Lib\site-packages\pip\vendor\distlib\metadata.py
Lib\site-packages\pip\vendor\distlib\resources.py
Lib\site-packages\pip\vendor\distlib\scripts.py
Lib\site-packages\pip\vendor\distlib\util.py
Lib\site-packages\pip\vendor\distlib\version.py
Lib\site-packages\pip\vendor\distlib\wheel.py
Lib\site-packages\pip\vendor\distlib\__init__.py
Lib\site-packages\pip\vendor\distlib\_backport\misc.py
Lib\site-packages\pip\vendor\distlib\_backport\shutil.py
Lib\site-packages\pip\vendor\distlib\_backport\sysconfig.py
Lib\site-packages\pip\vendor\distlib\_backport\tarfile.py
Lib\site-packages\pip\vendor\distlib\_backport\__init__.py
Lib\site-packages\pip\vendor\html5lib\filters
Lib\site-packages\pip\vendor\html5lib\serializer
Lib\site-packages\pip\vendor\html5lib\treebuilders
Lib\site-packages\pip\vendor\html5lib\treewalkers
Lib\site-packages\pip\vendor\html5lib\trie
Lib\site-packages\pip\vendor\html5lib\constants.py
Lib\site-packages\pip\vendor\html5lib\html5parser.py
Lib\site-packages\pip\vendor\html5lib\ihatexml.py
Lib\site-packages\pip\vendor\html5lib\inputstream.py
Lib\site-packages\pip\vendor\html5lib\sanitizer.py
Lib\site-packages\pip\vendor\html5lib\tokenizer.py
Lib\site-packages\pip\vendor\html5lib\utils.py
Lib\site-packages\pip\vendor\html5lib\__init__.py
Lib\site-packages\pip\vendor\html5lib\filters\alphabeticalattributes.py
Lib\site-packages\pip\vendor\html5lib\filters\inject_meta_charset.py
Lib\site-packages\pip\vendor\html5lib\filters\lint.py
Lib\site-packages\pip\vendor\html5lib\filters\optionaltags.py
Lib\site-packages\pip\vendor\html5lib\filters\sanitizer.py
Lib\site-packages\pip\vendor\html5lib\filters\whitespace.py
Lib\site-packages\pip\vendor\html5lib\filters\_base.py
Lib\site-packages\pip\vendor\html5lib\filters\__init__.py
Lib\site-packages\pip\vendor\html5lib\serializer\htmlserializer.py
Lib\site-packages\pip\vendor\html5lib\serializer\__init__.py
Lib\site-packages\pip\vendor\html5lib\treebuilders\dom.py
Lib\site-packages\pip\vendor\html5lib\treebuilders\etree.py
Lib\site-packages\pip\vendor\html5lib\treebuilders\etree_lxml.py
Lib\site-packages\pip\vendor\html5lib\treebuilders\_base.py
Lib\site-packages\pip\vendor\html5lib\treebuilders\__init__.py
Lib\site-packages\pip\vendor\html5lib\treewalkers\dom.py
Lib\site-packages\pip\vendor\html5lib\treewalkers\etree.py
Lib\site-packages\pip\vendor\html5lib\treewalkers\genshistream.py
Lib\site-packages\pip\vendor\html5lib\treewalkers\lxmletree.py
Lib\site-packages\pip\vendor\html5lib\treewalkers\pulldom.py
Lib\site-packages\pip\vendor\html5lib\treewalkers\_base.py
Lib\site-packages\pip\vendor\html5lib\treewalkers\__init__.py
Lib\site-packages\pip\vendor\html5lib\trie\datrie.py
Lib\site-packages\pip\vendor\html5lib\trie\py.py
Lib\site-packages\pip\vendor\html5lib\trie\_base.py
Lib\site-packages\pip\vendor\html5lib\trie\__init__.py
Lib\site-packages\pip-1.4.1-py2.7.egg-info\dependency_links.txt
Lib\site-packages\pip-1.4.1-py2.7.egg-info\entry_points.txt
Lib\site-packages\pip-1.4.1-py2.7.egg-info\not-zip-safe
Lib\site-packages\pip-1.4.1-py2.7.egg-info\PKG-INFO
Lib\site-packages\pip-1.4.1-py2.7.egg-info\requires.txt
Lib\site-packages\pip-1.4.1-py2.7.egg-info\SOURCES.txt
Lib\site-packages\pip-1.4.1-py2.7.egg-info\top_level.txt
Scripts\pip-2.7-script.py
Scripts\pip-2.7-script.bat
Scripts\pip-2.7.exe
Scripts\pip-script.py
Scripts\pip-script.bat
Scripts\pip.exe