# WPPM package installation log
# 
# Package: pywin32 v218.4

Lib\site-packages\adodbapi
Lib\site-packages\isapi
Lib\site-packages\pythonwin
Lib\site-packages\pywin32_system32
Lib\site-packages\win32
Lib\site-packages\win32com
Lib\site-packages\win32comext
Lib\site-packages\pythoncom.py
Lib\site-packages\pywin32-218.4-py2.7.egg-info
Lib\site-packages\PyWin32.chm
Lib\site-packages\pywin32.pth
Lib\site-packages\pywin32.version.txt
Lib\site-packages\adodbapi\test
Lib\site-packages\adodbapi\adodbapi.py
Lib\site-packages\adodbapi\ado_consts.py
Lib\site-packages\adodbapi\is64bit.py
Lib\site-packages\adodbapi\license.txt
Lib\site-packages\adodbapi\readme.txt
Lib\site-packages\adodbapi\schema_table.py
Lib\site-packages\adodbapi\__init__.py
Lib\site-packages\adodbapi\test\adodbapitest.py
Lib\site-packages\adodbapi\test\adodbapitestconfig.py
Lib\site-packages\adodbapi\test\dbapi20.py
Lib\site-packages\adodbapi\test\is64bit.py
Lib\site-packages\adodbapi\test\setuptestframework.py
Lib\site-packages\adodbapi\test\test_adodbapi_dbapi20.py
Lib\site-packages\adodbapi\test\tryconnection2.py
Lib\site-packages\adodbapi\test\tryconnection3.py
Lib\site-packages\isapi\doc
Lib\site-packages\isapi\samples
Lib\site-packages\isapi\test
Lib\site-packages\isapi\install.py
Lib\site-packages\isapi\isapicon.py
Lib\site-packages\isapi\PyISAPI_loader.dll
Lib\site-packages\isapi\README.txt
Lib\site-packages\isapi\simple.py
Lib\site-packages\isapi\threaded_extension.py
Lib\site-packages\isapi\__init__.py
Lib\site-packages\isapi\doc\isapi.html
Lib\site-packages\isapi\samples\advanced.py
Lib\site-packages\isapi\samples\README.txt
Lib\site-packages\isapi\samples\redirector.py
Lib\site-packages\isapi\samples\redirector_asynch.py
Lib\site-packages\isapi\samples\redirector_with_filter.py
Lib\site-packages\isapi\samples\test.py
Lib\site-packages\isapi\test\extension_simple.py
Lib\site-packages\isapi\test\README.txt
Lib\site-packages\pythonwin\pywin
Lib\site-packages\pythonwin\dde.pyd
Lib\site-packages\pythonwin\license.txt
Lib\site-packages\pythonwin\mfc90.dll
Lib\site-packages\pythonwin\mfc90u.dll
Lib\site-packages\pythonwin\mfcm90.dll
Lib\site-packages\pythonwin\mfcm90u.dll
Lib\site-packages\pythonwin\Microsoft.VC90.MFC.manifest
Lib\site-packages\pythonwin\Pythonwin.exe
Lib\site-packages\pythonwin\scintilla.dll
Lib\site-packages\pythonwin\win32ui.pyd
Lib\site-packages\pythonwin\win32uiole.pyd
Lib\site-packages\pythonwin\pywin\debugger
Lib\site-packages\pythonwin\pywin\Demos
Lib\site-packages\pythonwin\pywin\dialogs
Lib\site-packages\pythonwin\pywin\docking
Lib\site-packages\pythonwin\pywin\framework
Lib\site-packages\pythonwin\pywin\idle
Lib\site-packages\pythonwin\pywin\mfc
Lib\site-packages\pythonwin\pywin\scintilla
Lib\site-packages\pythonwin\pywin\tools
Lib\site-packages\pythonwin\pywin\default.cfg
Lib\site-packages\pythonwin\pywin\IDLE.cfg
Lib\site-packages\pythonwin\pywin\__init__.py
Lib\site-packages\pythonwin\pywin\debugger\configui.py
Lib\site-packages\pythonwin\pywin\debugger\dbgcon.py
Lib\site-packages\pythonwin\pywin\debugger\dbgpyapp.py
Lib\site-packages\pythonwin\pywin\debugger\debugger.py
Lib\site-packages\pythonwin\pywin\debugger\fail.py
Lib\site-packages\pythonwin\pywin\debugger\__init__.py
Lib\site-packages\pythonwin\pywin\Demos\app
Lib\site-packages\pythonwin\pywin\Demos\ocx
Lib\site-packages\pythonwin\pywin\Demos\cmdserver.py
Lib\site-packages\pythonwin\pywin\Demos\createwin.py
Lib\site-packages\pythonwin\pywin\Demos\demoutils.py
Lib\site-packages\pythonwin\pywin\Demos\dibdemo.py
Lib\site-packages\pythonwin\pywin\Demos\dlgtest.py
Lib\site-packages\pythonwin\pywin\Demos\dyndlg.py
Lib\site-packages\pythonwin\pywin\Demos\fontdemo.py
Lib\site-packages\pythonwin\pywin\Demos\guidemo.py
Lib\site-packages\pythonwin\pywin\Demos\hiertest.py
Lib\site-packages\pythonwin\pywin\Demos\menutest.py
Lib\site-packages\pythonwin\pywin\Demos\objdoc.py
Lib\site-packages\pythonwin\pywin\Demos\openGLDemo.py
Lib\site-packages\pythonwin\pywin\Demos\progressbar.py
Lib\site-packages\pythonwin\pywin\Demos\sliderdemo.py
Lib\site-packages\pythonwin\pywin\Demos\splittst.py
Lib\site-packages\pythonwin\pywin\Demos\threadedgui.py
Lib\site-packages\pythonwin\pywin\Demos\toolbar.py
Lib\site-packages\pythonwin\pywin\Demos\app\basictimerapp.py
Lib\site-packages\pythonwin\pywin\Demos\app\customprint.py
Lib\site-packages\pythonwin\pywin\Demos\app\demoutils.py
Lib\site-packages\pythonwin\pywin\Demos\app\dlgappdemo.py
Lib\site-packages\pythonwin\pywin\Demos\app\dojobapp.py
Lib\site-packages\pythonwin\pywin\Demos\app\helloapp.py
Lib\site-packages\pythonwin\pywin\Demos\ocx\demoutils.py
Lib\site-packages\pythonwin\pywin\Demos\ocx\flash.py
Lib\site-packages\pythonwin\pywin\Demos\ocx\msoffice.py
Lib\site-packages\pythonwin\pywin\Demos\ocx\ocxserialtest.py
Lib\site-packages\pythonwin\pywin\Demos\ocx\ocxtest.py
Lib\site-packages\pythonwin\pywin\Demos\ocx\webbrowser.py
Lib\site-packages\pythonwin\pywin\Demos\ocx\__init__.py
Lib\site-packages\pythonwin\pywin\dialogs\ideoptions.py
Lib\site-packages\pythonwin\pywin\dialogs\list.py
Lib\site-packages\pythonwin\pywin\dialogs\login.py
Lib\site-packages\pythonwin\pywin\dialogs\status.py
Lib\site-packages\pythonwin\pywin\dialogs\__init__.py
Lib\site-packages\pythonwin\pywin\docking\DockingBar.py
Lib\site-packages\pythonwin\pywin\docking\__init__.py
Lib\site-packages\pythonwin\pywin\framework\editor
Lib\site-packages\pythonwin\pywin\framework\app.py
Lib\site-packages\pythonwin\pywin\framework\bitmap.py
Lib\site-packages\pythonwin\pywin\framework\cmdline.py
Lib\site-packages\pythonwin\pywin\framework\dbgcommands.py
Lib\site-packages\pythonwin\pywin\framework\dlgappcore.py
Lib\site-packages\pythonwin\pywin\framework\help.py
Lib\site-packages\pythonwin\pywin\framework\interact.py
Lib\site-packages\pythonwin\pywin\framework\intpyapp.py
Lib\site-packages\pythonwin\pywin\framework\intpydde.py
Lib\site-packages\pythonwin\pywin\framework\mdi_pychecker.py
Lib\site-packages\pythonwin\pywin\framework\scriptutils.py
Lib\site-packages\pythonwin\pywin\framework\sgrepmdi.py
Lib\site-packages\pythonwin\pywin\framework\startup.py
Lib\site-packages\pythonwin\pywin\framework\stdin.py
Lib\site-packages\pythonwin\pywin\framework\toolmenu.py
Lib\site-packages\pythonwin\pywin\framework\window.py
Lib\site-packages\pythonwin\pywin\framework\winout.py
Lib\site-packages\pythonwin\pywin\framework\__init__.py
Lib\site-packages\pythonwin\pywin\framework\editor\color
Lib\site-packages\pythonwin\pywin\framework\editor\configui.py
Lib\site-packages\pythonwin\pywin\framework\editor\document.py
Lib\site-packages\pythonwin\pywin\framework\editor\editor.py
Lib\site-packages\pythonwin\pywin\framework\editor\frame.py
Lib\site-packages\pythonwin\pywin\framework\editor\ModuleBrowser.py
Lib\site-packages\pythonwin\pywin\framework\editor\template.py
Lib\site-packages\pythonwin\pywin\framework\editor\vss.py
Lib\site-packages\pythonwin\pywin\framework\editor\__init__.py
Lib\site-packages\pythonwin\pywin\framework\editor\color\coloreditor.py
Lib\site-packages\pythonwin\pywin\framework\editor\color\__init__.py
Lib\site-packages\pythonwin\pywin\idle\AutoExpand.py
Lib\site-packages\pythonwin\pywin\idle\AutoIndent.py
Lib\site-packages\pythonwin\pywin\idle\CallTips.py
Lib\site-packages\pythonwin\pywin\idle\FormatParagraph.py
Lib\site-packages\pythonwin\pywin\idle\IdleHistory.py
Lib\site-packages\pythonwin\pywin\idle\PyParse.py
Lib\site-packages\pythonwin\pywin\idle\__init__.py
Lib\site-packages\pythonwin\pywin\mfc\activex.py
Lib\site-packages\pythonwin\pywin\mfc\afxres.py
Lib\site-packages\pythonwin\pywin\mfc\dialog.py
Lib\site-packages\pythonwin\pywin\mfc\docview.py
Lib\site-packages\pythonwin\pywin\mfc\object.py
Lib\site-packages\pythonwin\pywin\mfc\thread.py
Lib\site-packages\pythonwin\pywin\mfc\window.py
Lib\site-packages\pythonwin\pywin\mfc\__init__.py
Lib\site-packages\pythonwin\pywin\scintilla\bindings.py
Lib\site-packages\pythonwin\pywin\scintilla\config.py
Lib\site-packages\pythonwin\pywin\scintilla\configui.py
Lib\site-packages\pythonwin\pywin\scintilla\control.py
Lib\site-packages\pythonwin\pywin\scintilla\document.py
Lib\site-packages\pythonwin\pywin\scintilla\find.py
Lib\site-packages\pythonwin\pywin\scintilla\formatter.py
Lib\site-packages\pythonwin\pywin\scintilla\IDLEenvironment.py
Lib\site-packages\pythonwin\pywin\scintilla\keycodes.py
Lib\site-packages\pythonwin\pywin\scintilla\scintillacon.py
Lib\site-packages\pythonwin\pywin\scintilla\view.py
Lib\site-packages\pythonwin\pywin\scintilla\__init__.py
Lib\site-packages\pythonwin\pywin\tools\browseProjects.py
Lib\site-packages\pythonwin\pywin\tools\browser.py
Lib\site-packages\pythonwin\pywin\tools\hierlist.py
Lib\site-packages\pythonwin\pywin\tools\regedit.py
Lib\site-packages\pythonwin\pywin\tools\regpy.py
Lib\site-packages\pythonwin\pywin\tools\TraceCollector.py
Lib\site-packages\pythonwin\pywin\tools\__init__.py
pythoncom27.dll
pythoncomloader27.dll
pywintypes27.dll
Lib\site-packages\win32\Demos
Lib\site-packages\win32\include
Lib\site-packages\win32\lib
Lib\site-packages\win32\libs
Lib\site-packages\win32\scripts
Lib\site-packages\win32\test
Lib\site-packages\win32\license.txt
Lib\site-packages\win32\mmapfile.pyd
Lib\site-packages\win32\odbc.pyd
Lib\site-packages\win32\perfmon.pyd
Lib\site-packages\win32\perfmondata.dll
Lib\site-packages\win32\pythonservice.exe
Lib\site-packages\win32\servicemanager.pyd
Lib\site-packages\win32\timer.pyd
Lib\site-packages\win32\win2kras.pyd
Lib\site-packages\win32\win32api.pyd
Lib\site-packages\win32\win32clipboard.pyd
Lib\site-packages\win32\win32console.pyd
Lib\site-packages\win32\win32cred.pyd
Lib\site-packages\win32\win32crypt.pyd
Lib\site-packages\win32\win32event.pyd
Lib\site-packages\win32\win32evtlog.pyd
Lib\site-packages\win32\win32file.pyd
Lib\site-packages\win32\win32gui.pyd
Lib\site-packages\win32\win32help.pyd
Lib\site-packages\win32\win32inet.pyd
Lib\site-packages\win32\win32job.pyd
Lib\site-packages\win32\win32lz.pyd
Lib\site-packages\win32\win32net.pyd
Lib\site-packages\win32\win32pdh.pyd
Lib\site-packages\win32\win32pipe.pyd
Lib\site-packages\win32\win32print.pyd
Lib\site-packages\win32\win32process.pyd
Lib\site-packages\win32\win32profile.pyd
Lib\site-packages\win32\win32ras.pyd
Lib\site-packages\win32\win32security.pyd
Lib\site-packages\win32\win32service.pyd
Lib\site-packages\win32\win32trace.pyd
Lib\site-packages\win32\win32transaction.pyd
Lib\site-packages\win32\win32ts.pyd
Lib\site-packages\win32\win32wnet.pyd
Lib\site-packages\win32\winxpgui.pyd
Lib\site-packages\win32\_win32sysloader.pyd
Lib\site-packages\win32\_winxptheme.pyd
Lib\site-packages\win32\Demos\c_extension
Lib\site-packages\win32\Demos\dde
Lib\site-packages\win32\Demos\images
Lib\site-packages\win32\Demos\pipes
Lib\site-packages\win32\Demos\security
Lib\site-packages\win32\Demos\service
Lib\site-packages\win32\Demos\win32wnet
Lib\site-packages\win32\Demos\BackupRead_BackupWrite.py
Lib\site-packages\win32\Demos\BackupSeek_streamheaders.py
Lib\site-packages\win32\Demos\cerapi.py
Lib\site-packages\win32\Demos\CopyFileEx.py
Lib\site-packages\win32\Demos\CreateFileTransacted_MiniVersion.py
Lib\site-packages\win32\Demos\desktopmanager.py
Lib\site-packages\win32\Demos\eventLogDemo.py
Lib\site-packages\win32\Demos\EvtSubscribe_pull.py
Lib\site-packages\win32\Demos\EvtSubscribe_push.py
Lib\site-packages\win32\Demos\FileSecurityTest.py
Lib\site-packages\win32\Demos\getfilever.py
Lib\site-packages\win32\Demos\GetSaveFileName.py
Lib\site-packages\win32\Demos\mmapfile_demo.py
Lib\site-packages\win32\Demos\NetValidatePasswordPolicy.py
Lib\site-packages\win32\Demos\OpenEncryptedFileRaw.py
Lib\site-packages\win32\Demos\print_desktop.py
Lib\site-packages\win32\Demos\rastest.py
Lib\site-packages\win32\Demos\RegCreateKeyTransacted.py
Lib\site-packages\win32\Demos\RegRestoreKey.py
Lib\site-packages\win32\Demos\SystemParametersInfo.py
Lib\site-packages\win32\Demos\timer_demo.py
Lib\site-packages\win32\Demos\win32clipboardDemo.py
Lib\site-packages\win32\Demos\win32clipboard_bitmapdemo.py
Lib\site-packages\win32\Demos\win32comport_demo.py
Lib\site-packages\win32\Demos\win32console_demo.py
Lib\site-packages\win32\Demos\win32cred_demo.py
Lib\site-packages\win32\Demos\win32fileDemo.py
Lib\site-packages\win32\Demos\win32gui_demo.py
Lib\site-packages\win32\Demos\win32gui_devicenotify.py
Lib\site-packages\win32\Demos\win32gui_dialog.py
Lib\site-packages\win32\Demos\win32gui_menu.py
Lib\site-packages\win32\Demos\win32gui_taskbar.py
Lib\site-packages\win32\Demos\win32netdemo.py
Lib\site-packages\win32\Demos\win32rcparser_demo.py
Lib\site-packages\win32\Demos\win32servicedemo.py
Lib\site-packages\win32\Demos\win32ts_logoff_disconnected.py
Lib\site-packages\win32\Demos\winprocess.py
Lib\site-packages\win32\Demos\c_extension\setup.py
Lib\site-packages\win32\Demos\dde\ddeclient.py
Lib\site-packages\win32\Demos\dde\ddeserver.py
Lib\site-packages\win32\Demos\images\frowny.bmp
Lib\site-packages\win32\Demos\images\smiley.bmp
Lib\site-packages\win32\Demos\pipes\cat.py
Lib\site-packages\win32\Demos\pipes\runproc.py
Lib\site-packages\win32\Demos\security\sspi
Lib\site-packages\win32\Demos\security\account_rights.py
Lib\site-packages\win32\Demos\security\explicit_entries.py
Lib\site-packages\win32\Demos\security\GetTokenInformation.py
Lib\site-packages\win32\Demos\security\get_policy_info.py
Lib\site-packages\win32\Demos\security\list_rights.py
Lib\site-packages\win32\Demos\security\localized_names.py
Lib\site-packages\win32\Demos\security\lsaregevent.py
Lib\site-packages\win32\Demos\security\lsastore.py
Lib\site-packages\win32\Demos\security\query_information.py
Lib\site-packages\win32\Demos\security\regsave_sa.py
Lib\site-packages\win32\Demos\security\regsecurity.py
Lib\site-packages\win32\Demos\security\sa_inherit.py
Lib\site-packages\win32\Demos\security\security_enums.py
Lib\site-packages\win32\Demos\security\setkernelobjectsecurity.py
Lib\site-packages\win32\Demos\security\setnamedsecurityinfo.py
Lib\site-packages\win32\Demos\security\setsecurityinfo.py
Lib\site-packages\win32\Demos\security\setuserobjectsecurity.py
Lib\site-packages\win32\Demos\security\set_file_audit.py
Lib\site-packages\win32\Demos\security\set_file_owner.py
Lib\site-packages\win32\Demos\security\set_policy_info.py
Lib\site-packages\win32\Demos\security\sspi\fetch_url.py
Lib\site-packages\win32\Demos\security\sspi\simple_auth.py
Lib\site-packages\win32\Demos\security\sspi\socket_server.py
Lib\site-packages\win32\Demos\security\sspi\validate_password.py
Lib\site-packages\win32\Demos\service\nativePipeTestService.py
Lib\site-packages\win32\Demos\service\pipeTestService.py
Lib\site-packages\win32\Demos\service\pipeTestServiceClient.py
Lib\site-packages\win32\Demos\service\serviceEvents.py
Lib\site-packages\win32\Demos\win32wnet\testwnet.py
Lib\site-packages\win32\Demos\win32wnet\winnetwk.py
Lib\site-packages\win32\include\PyWinTypes.h
Lib\site-packages\win32\lib\afxres.py
Lib\site-packages\win32\lib\commctrl.py
Lib\site-packages\win32\lib\dbi.py
Lib\site-packages\win32\lib\mmsystem.py
Lib\site-packages\win32\lib\netbios.py
Lib\site-packages\win32\lib\ntsecuritycon.py
Lib\site-packages\win32\lib\pywin32_testutil.py
Lib\site-packages\win32\lib\pywintypes.py
Lib\site-packages\win32\lib\rasutil.py
Lib\site-packages\win32\lib\regcheck.py
Lib\site-packages\win32\lib\regutil.py
Lib\site-packages\win32\lib\sspi.py
Lib\site-packages\win32\lib\sspicon.py
Lib\site-packages\win32\lib\win32con.py
Lib\site-packages\win32\lib\win32cryptcon.py
Lib\site-packages\win32\lib\win32evtlogutil.py
Lib\site-packages\win32\lib\win32gui_struct.py
Lib\site-packages\win32\lib\win32inetcon.py
Lib\site-packages\win32\lib\win32netcon.py
Lib\site-packages\win32\lib\win32pdhquery.py
Lib\site-packages\win32\lib\win32pdhutil.py
Lib\site-packages\win32\lib\win32rcparser.py
Lib\site-packages\win32\lib\win32serviceutil.py
Lib\site-packages\win32\lib\win32timezone.py
Lib\site-packages\win32\lib\win32traceutil.py
Lib\site-packages\win32\lib\win32verstamp.py
Lib\site-packages\win32\lib\winerror.py
Lib\site-packages\win32\lib\winioctlcon.py
Lib\site-packages\win32\lib\winnt.py
Lib\site-packages\win32\lib\winperf.py
Lib\site-packages\win32\lib\winxptheme.py
Lib\site-packages\win32\libs\pywintypes.lib
Lib\site-packages\win32\scripts\ce
Lib\site-packages\win32\scripts\VersionStamp
Lib\site-packages\win32\scripts\backupEventLog.py
Lib\site-packages\win32\scripts\ControlService.py
Lib\site-packages\win32\scripts\killProcName.py
Lib\site-packages\win32\scripts\rasutil.py
Lib\site-packages\win32\scripts\regsetup.py
Lib\site-packages\win32\scripts\setup_d.py
Lib\site-packages\win32\scripts\ce\pysynch.py
Lib\site-packages\win32\scripts\VersionStamp\BrandProject.py
Lib\site-packages\win32\scripts\VersionStamp\bulkstamp.py
Lib\site-packages\win32\scripts\VersionStamp\vssutil.py
Lib\site-packages\win32\test\win32rcparser
Lib\site-packages\win32\test\handles.py
Lib\site-packages\win32\test\testall.py
Lib\site-packages\win32\test\test_clipboard.py
Lib\site-packages\win32\test\test_exceptions.py
Lib\site-packages\win32\test\test_odbc.py
Lib\site-packages\win32\test\test_pywintypes.py
Lib\site-packages\win32\test\test_security.py
Lib\site-packages\win32\test\test_sspi.py
Lib\site-packages\win32\test\test_win32api.py
Lib\site-packages\win32\test\test_win32crypt.py
Lib\site-packages\win32\test\test_win32event.py
Lib\site-packages\win32\test\test_win32file.py
Lib\site-packages\win32\test\test_win32gui.py
Lib\site-packages\win32\test\test_win32guistruct.py
Lib\site-packages\win32\test\test_win32inet.py
Lib\site-packages\win32\test\test_win32net.py
Lib\site-packages\win32\test\test_win32pipe.py
Lib\site-packages\win32\test\test_win32rcparser.py
Lib\site-packages\win32\test\test_win32timezone.py
Lib\site-packages\win32\test\test_win32trace.py
Lib\site-packages\win32\test\test_win32wnet.py
Lib\site-packages\win32\test\win32rcparser\python.bmp
Lib\site-packages\win32\test\win32rcparser\python.ico
Lib\site-packages\win32\test\win32rcparser\test.h
Lib\site-packages\win32\test\win32rcparser\test.rc
Lib\site-packages\win32com\client
Lib\site-packages\win32com\demos
Lib\site-packages\win32com\HTML
Lib\site-packages\win32com\include
Lib\site-packages\win32com\libs
Lib\site-packages\win32com\makegw
Lib\site-packages\win32com\server
Lib\site-packages\win32com\servers
Lib\site-packages\win32com\test
Lib\site-packages\win32com\License.txt
Lib\site-packages\win32com\olectl.py
Lib\site-packages\win32com\readme.htm
Lib\site-packages\win32com\storagecon.py
Lib\site-packages\win32com\universal.py
Lib\site-packages\win32com\util.py
Lib\site-packages\win32com\__init__.py
Lib\site-packages\win32com\client\build.py
Lib\site-packages\win32com\client\CLSIDToClass.py
Lib\site-packages\win32com\client\combrowse.py
Lib\site-packages\win32com\client\connect.py
Lib\site-packages\win32com\client\dynamic.py
Lib\site-packages\win32com\client\gencache.py
Lib\site-packages\win32com\client\genpy.py
Lib\site-packages\win32com\client\makepy.py
Lib\site-packages\win32com\client\selecttlb.py
Lib\site-packages\win32com\client\tlbrowse.py
Lib\site-packages\win32com\client\util.py
Lib\site-packages\win32com\client\__init__.py
Lib\site-packages\win32com\demos\connect.py
Lib\site-packages\win32com\demos\dump_clipboard.py
Lib\site-packages\win32com\demos\eventsApartmentThreaded.py
Lib\site-packages\win32com\demos\eventsFreeThreaded.py
Lib\site-packages\win32com\demos\excelAddin.py
Lib\site-packages\win32com\demos\excelRTDServer.py
Lib\site-packages\win32com\demos\iebutton.py
Lib\site-packages\win32com\demos\ietoolbar.py
Lib\site-packages\win32com\demos\outlookAddin.py
Lib\site-packages\win32com\demos\trybag.py
Lib\site-packages\win32com\demos\__init__.py
Lib\site-packages\win32com\HTML\image
Lib\site-packages\win32com\HTML\docindex.html
Lib\site-packages\win32com\HTML\GeneratedSupport.html
Lib\site-packages\win32com\HTML\index.html
Lib\site-packages\win32com\HTML\misc.html
Lib\site-packages\win32com\HTML\package.html
Lib\site-packages\win32com\HTML\PythonCOM.html
Lib\site-packages\win32com\HTML\QuickStartClientCom.html
Lib\site-packages\win32com\HTML\QuickStartServerCom.html
Lib\site-packages\win32com\HTML\variant.html
Lib\site-packages\win32com\HTML\image\blank.gif
Lib\site-packages\win32com\HTML\image\BTN_HomePage.gif
Lib\site-packages\win32com\HTML\image\BTN_ManualTop.gif
Lib\site-packages\win32com\HTML\image\BTN_NextPage.gif
Lib\site-packages\win32com\HTML\image\BTN_PrevPage.gif
Lib\site-packages\win32com\HTML\image\pycom_blowing.gif
Lib\site-packages\win32com\HTML\image\pythoncom.gif
Lib\site-packages\win32com\HTML\image\www_icon.gif
Lib\site-packages\win32com\include\PythonCOM.h
Lib\site-packages\win32com\include\PythonCOMRegister.h
Lib\site-packages\win32com\include\PythonCOMServer.h
Lib\site-packages\win32com\libs\axscript.lib
Lib\site-packages\win32com\libs\pythoncom.lib
Lib\site-packages\win32com\makegw\makegw.py
Lib\site-packages\win32com\makegw\makegwenum.py
Lib\site-packages\win32com\makegw\makegwparse.py
Lib\site-packages\win32com\makegw\__init__.py
Lib\site-packages\win32com\server\connect.py
Lib\site-packages\win32com\server\dispatcher.py
Lib\site-packages\win32com\server\exception.py
Lib\site-packages\win32com\server\factory.py
Lib\site-packages\win32com\server\localserver.py
Lib\site-packages\win32com\server\policy.py
Lib\site-packages\win32com\server\register.py
Lib\site-packages\win32com\server\util.py
Lib\site-packages\win32com\server\__init__.py
Lib\site-packages\win32com\servers\dictionary.py
Lib\site-packages\win32com\servers\interp.py
Lib\site-packages\win32com\servers\perfmon.py
Lib\site-packages\win32com\servers\PythonTools.py
Lib\site-packages\win32com\servers\test_pycomtest.py
Lib\site-packages\win32com\servers\__init__.py
Lib\site-packages\win32com\test\daodump.py
Lib\site-packages\win32com\test\errorSemantics.py
Lib\site-packages\win32com\test\GenTestScripts.py
Lib\site-packages\win32com\test\pippo.idl
Lib\site-packages\win32com\test\pippo_server.py
Lib\site-packages\win32com\test\policySemantics.py
Lib\site-packages\win32com\test\readme.txt
Lib\site-packages\win32com\test\testAccess.py
Lib\site-packages\win32com\test\testADOEvents.py
Lib\site-packages\win32com\test\testall.py
Lib\site-packages\win32com\test\testArrays.py
Lib\site-packages\win32com\test\testAXScript.py
Lib\site-packages\win32com\test\testClipboard.py
Lib\site-packages\win32com\test\testCollections.py
Lib\site-packages\win32com\test\testDCOM.py
Lib\site-packages\win32com\test\testDictionary.py
Lib\site-packages\win32com\test\testDictionary.vbs
Lib\site-packages\win32com\test\testDynamic.py
Lib\site-packages\win32com\test\testExchange.py
Lib\site-packages\win32com\test\testExplorer.py
Lib\site-packages\win32com\test\testGatewayAddresses.py
Lib\site-packages\win32com\test\testGIT.py
Lib\site-packages\win32com\test\testInterp.vbs
Lib\site-packages\win32com\test\testIterators.py
Lib\site-packages\win32com\test\testmakepy.py
Lib\site-packages\win32com\test\testMarshal.py
Lib\site-packages\win32com\test\testMSOffice.py
Lib\site-packages\win32com\test\testMSOfficeEvents.py
Lib\site-packages\win32com\test\testNetscape.py
Lib\site-packages\win32com\test\testPersist.py
Lib\site-packages\win32com\test\testPippo.py
Lib\site-packages\win32com\test\testPyComTest.py
Lib\site-packages\win32com\test\Testpys.sct
Lib\site-packages\win32com\test\testPyScriptlet.js
Lib\site-packages\win32com\test\testROT.py
Lib\site-packages\win32com\test\testServers.py
Lib\site-packages\win32com\test\testShell.py
Lib\site-packages\win32com\test\testStorage.py
Lib\site-packages\win32com\test\testStreams.py
Lib\site-packages\win32com\test\testvb.py
Lib\site-packages\win32com\test\testvbscript_regexp.py
Lib\site-packages\win32com\test\testWMI.py
Lib\site-packages\win32com\test\testxslt.js
Lib\site-packages\win32com\test\testxslt.py
Lib\site-packages\win32com\test\testxslt.xsl
Lib\site-packages\win32com\test\util.py
Lib\site-packages\win32com\test\__init__.py
Lib\site-packages\win32comext\adsi
Lib\site-packages\win32comext\authorization
Lib\site-packages\win32comext\axcontrol
Lib\site-packages\win32comext\axdebug
Lib\site-packages\win32comext\axscript
Lib\site-packages\win32comext\bits
Lib\site-packages\win32comext\directsound
Lib\site-packages\win32comext\ifilter
Lib\site-packages\win32comext\internet
Lib\site-packages\win32comext\mapi
Lib\site-packages\win32comext\propsys
Lib\site-packages\win32comext\shell
Lib\site-packages\win32comext\taskscheduler
Lib\site-packages\win32comext\adsi\demos
Lib\site-packages\win32comext\adsi\adsi.pyd
Lib\site-packages\win32comext\adsi\adsicon.py
Lib\site-packages\win32comext\adsi\__init__.py
Lib\site-packages\win32comext\adsi\demos\objectPicker.py
Lib\site-packages\win32comext\adsi\demos\scp.py
Lib\site-packages\win32comext\adsi\demos\search.py
Lib\site-packages\win32comext\adsi\demos\test.py
Lib\site-packages\win32comext\authorization\demos
Lib\site-packages\win32comext\authorization\authorization.pyd
Lib\site-packages\win32comext\authorization\__init__.py
Lib\site-packages\win32comext\authorization\demos\EditSecurity.py
Lib\site-packages\win32comext\authorization\demos\EditServiceSecurity.py
Lib\site-packages\win32comext\axcontrol\axcontrol.pyd
Lib\site-packages\win32comext\axcontrol\__init__.py
Lib\site-packages\win32comext\axdebug\adb.py
Lib\site-packages\win32comext\axdebug\axdebug.pyd
Lib\site-packages\win32comext\axdebug\codecontainer.py
Lib\site-packages\win32comext\axdebug\contexts.py
Lib\site-packages\win32comext\axdebug\debugger.py
Lib\site-packages\win32comext\axdebug\documents.py
Lib\site-packages\win32comext\axdebug\dump.py
Lib\site-packages\win32comext\axdebug\expressions.py
Lib\site-packages\win32comext\axdebug\gateways.py
Lib\site-packages\win32comext\axdebug\stackframe.py
Lib\site-packages\win32comext\axdebug\util.py
Lib\site-packages\win32comext\axdebug\__init__.py
Lib\site-packages\win32comext\axscript\client
Lib\site-packages\win32comext\axscript\Demos
Lib\site-packages\win32comext\axscript\server
Lib\site-packages\win32comext\axscript\test
Lib\site-packages\win32comext\axscript\asputil.py
Lib\site-packages\win32comext\axscript\axscript.pyd
Lib\site-packages\win32comext\axscript\__init__.py
Lib\site-packages\win32comext\axscript\client\debug.py
Lib\site-packages\win32comext\axscript\client\error.py
Lib\site-packages\win32comext\axscript\client\framework.py
Lib\site-packages\win32comext\axscript\client\pydumper.py
Lib\site-packages\win32comext\axscript\client\pyscript.py
Lib\site-packages\win32comext\axscript\client\pyscript_rexec.py
Lib\site-packages\win32comext\axscript\client\scriptdispatch.py
Lib\site-packages\win32comext\axscript\client\__init__.py
Lib\site-packages\win32comext\axscript\Demos\client
Lib\site-packages\win32comext\axscript\Demos\client\asp
Lib\site-packages\win32comext\axscript\Demos\client\ie
Lib\site-packages\win32comext\axscript\Demos\client\wsh
Lib\site-packages\win32comext\axscript\Demos\client\asp\interrupt
Lib\site-packages\win32comext\axscript\Demos\client\asp\caps.asp
Lib\site-packages\win32comext\axscript\Demos\client\asp\CreateObject.asp
Lib\site-packages\win32comext\axscript\Demos\client\asp\tut1.asp
Lib\site-packages\win32comext\axscript\Demos\client\asp\interrupt\test.asp
Lib\site-packages\win32comext\axscript\Demos\client\asp\interrupt\test.html
Lib\site-packages\win32comext\axscript\Demos\client\asp\interrupt\test1.asp
Lib\site-packages\win32comext\axscript\Demos\client\asp\interrupt\test1.html
Lib\site-packages\win32comext\axscript\Demos\client\ie\calc.htm
Lib\site-packages\win32comext\axscript\Demos\client\ie\dbgtest.htm
Lib\site-packages\win32comext\axscript\Demos\client\ie\demo.htm
Lib\site-packages\win32comext\axscript\Demos\client\ie\demo_check.htm
Lib\site-packages\win32comext\axscript\Demos\client\ie\demo_intro.htm
Lib\site-packages\win32comext\axscript\Demos\client\ie\demo_menu.htm
Lib\site-packages\win32comext\axscript\Demos\client\ie\docwrite.htm
Lib\site-packages\win32comext\axscript\Demos\client\ie\foo2.htm
Lib\site-packages\win32comext\axscript\Demos\client\ie\form.htm
Lib\site-packages\win32comext\axscript\Demos\client\ie\marqueeDemo.htm
Lib\site-packages\win32comext\axscript\Demos\client\ie\MarqueeText1.htm
Lib\site-packages\win32comext\axscript\Demos\client\ie\mousetrack.htm
Lib\site-packages\win32comext\axscript\Demos\client\ie\pycom_blowing.gif
Lib\site-packages\win32comext\axscript\Demos\client\wsh\blank.pys
Lib\site-packages\win32comext\axscript\Demos\client\wsh\excel.pys
Lib\site-packages\win32comext\axscript\Demos\client\wsh\registry.pys
Lib\site-packages\win32comext\axscript\Demos\client\wsh\test.pys
Lib\site-packages\win32comext\axscript\server\axsite.py
Lib\site-packages\win32comext\axscript\server\error.py
Lib\site-packages\win32comext\axscript\server\__init__.py
Lib\site-packages\win32comext\axscript\test\debugTest.pys
Lib\site-packages\win32comext\axscript\test\debugTest.vbs
Lib\site-packages\win32comext\axscript\test\leakTest.py
Lib\site-packages\win32comext\axscript\test\test.html
Lib\site-packages\win32comext\axscript\test\testHost.py
Lib\site-packages\win32comext\axscript\test\testHost4Dbg.py
Lib\site-packages\win32comext\bits\test
Lib\site-packages\win32comext\bits\bits.pyd
Lib\site-packages\win32comext\bits\__init__.py
Lib\site-packages\win32comext\bits\test\show_all_jobs.py
Lib\site-packages\win32comext\bits\test\test_bits.py
Lib\site-packages\win32comext\directsound\test
Lib\site-packages\win32comext\directsound\directsound.pyd
Lib\site-packages\win32comext\directsound\__init__.py
Lib\site-packages\win32comext\directsound\test\ds_record.py
Lib\site-packages\win32comext\directsound\test\ds_test.py
Lib\site-packages\win32comext\directsound\test\__init__.py
Lib\site-packages\win32comext\ifilter\demo
Lib\site-packages\win32comext\ifilter\ifilter.pyd
Lib\site-packages\win32comext\ifilter\ifiltercon.py
Lib\site-packages\win32comext\ifilter\__init__.py
Lib\site-packages\win32comext\ifilter\demo\filterDemo.py
Lib\site-packages\win32comext\internet\inetcon.py
Lib\site-packages\win32comext\internet\internet.pyd
Lib\site-packages\win32comext\internet\__init__.py
Lib\site-packages\win32comext\mapi\demos
Lib\site-packages\win32comext\mapi\emsabtags.py
Lib\site-packages\win32comext\mapi\mapi.pyd
Lib\site-packages\win32comext\mapi\mapitags.py
Lib\site-packages\win32comext\mapi\mapiutil.py
Lib\site-packages\win32comext\mapi\__init__.py
Lib\site-packages\win32comext\mapi\demos\mapisend.py
Lib\site-packages\win32comext\propsys\test
Lib\site-packages\win32comext\propsys\propsys.pyd
Lib\site-packages\win32comext\propsys\pscon.py
Lib\site-packages\win32comext\propsys\__init__.py
Lib\site-packages\win32comext\propsys\test\testpropsys.py
Lib\site-packages\win32comext\shell\demos
Lib\site-packages\win32comext\shell\test
Lib\site-packages\win32comext\shell\shell.pyd
Lib\site-packages\win32comext\shell\shellcon.py
Lib\site-packages\win32comext\shell\__init__.py
Lib\site-packages\win32comext\shell\demos\servers
Lib\site-packages\win32comext\shell\demos\browse_for_folder.py
Lib\site-packages\win32comext\shell\demos\create_link.py
Lib\site-packages\win32comext\shell\demos\dump_link.py
Lib\site-packages\win32comext\shell\demos\explorer_browser.py
Lib\site-packages\win32comext\shell\demos\IActiveDesktop.py
Lib\site-packages\win32comext\shell\demos\IFileOperationProgressSink.py
Lib\site-packages\win32comext\shell\demos\IShellLinkDataList.py
Lib\site-packages\win32comext\shell\demos\ITransferAdviseSink.py
Lib\site-packages\win32comext\shell\demos\IUniformResourceLocator.py
Lib\site-packages\win32comext\shell\demos\shellexecuteex.py
Lib\site-packages\win32comext\shell\demos\viewstate.py
Lib\site-packages\win32comext\shell\demos\walk_shell_folders.py
Lib\site-packages\win32comext\shell\demos\servers\column_provider.py
Lib\site-packages\win32comext\shell\demos\servers\context_menu.py
Lib\site-packages\win32comext\shell\demos\servers\copy_hook.py
Lib\site-packages\win32comext\shell\demos\servers\empty_volume_cache.py
Lib\site-packages\win32comext\shell\demos\servers\folder_view.py
Lib\site-packages\win32comext\shell\demos\servers\icon_handler.py
Lib\site-packages\win32comext\shell\demos\servers\shell_view.py
Lib\site-packages\win32comext\shell\test\testShellFolder.py
Lib\site-packages\win32comext\shell\test\testShellItem.py
Lib\site-packages\win32comext\shell\test\testSHFileOperation.py
Lib\site-packages\win32comext\taskscheduler\test
Lib\site-packages\win32comext\taskscheduler\taskscheduler.pyd
Lib\site-packages\win32comext\taskscheduler\__init__.py
Lib\site-packages\win32comext\taskscheduler\test\test_addtask.py
Lib\site-packages\win32comext\taskscheduler\test\test_addtask_1.py
Lib\site-packages\win32comext\taskscheduler\test\test_addtask_2.py
Lib\site-packages\win32comext\taskscheduler\test\test_localsystem.py
Scripts\pywin32_postinstall.py
Scripts\pywin32_postinstall.bat
Scripts\pywin32_testall.py
Scripts\pywin32_testall.bat