# WPPM package installation log
# 
# Package: setuptools v1.0

Lib\site-packages\setuptools
Lib\site-packages\setuptools-1.0-py2.7.egg-info
Lib\site-packages\_markerlib
Lib\site-packages\easy_install.py
Lib\site-packages\pkg_resources.py
Lib\site-packages\setuptools\command
Lib\site-packages\setuptools\tests
Lib\site-packages\setuptools\_backport
Lib\site-packages\setuptools\archive_util.py
Lib\site-packages\setuptools\cli-32.exe
Lib\site-packages\setuptools\cli-64.exe
Lib\site-packages\setuptools\cli-arm-32.exe
Lib\site-packages\setuptools\cli.exe
Lib\site-packages\setuptools\compat.py
Lib\site-packages\setuptools\depends.py
Lib\site-packages\setuptools\dist.py
Lib\site-packages\setuptools\extension.py
Lib\site-packages\setuptools\gui-32.exe
Lib\site-packages\setuptools\gui-64.exe
Lib\site-packages\setuptools\gui-arm-32.exe
Lib\site-packages\setuptools\gui.exe
Lib\site-packages\setuptools\package_index.py
Lib\site-packages\setuptools\py24compat.py
Lib\site-packages\setuptools\py27compat.py
Lib\site-packages\setuptools\sandbox.py
Lib\site-packages\setuptools\script template (dev).py
Lib\site-packages\setuptools\script template.py
Lib\site-packages\setuptools\site-patch.py
Lib\site-packages\setuptools\ssl_support.py
Lib\site-packages\setuptools\version.py
Lib\site-packages\setuptools\__init__.py
Lib\site-packages\setuptools\command\alias.py
Lib\site-packages\setuptools\command\bdist_egg.py
Lib\site-packages\setuptools\command\bdist_rpm.py
Lib\site-packages\setuptools\command\bdist_wininst.py
Lib\site-packages\setuptools\command\build_ext.py
Lib\site-packages\setuptools\command\build_py.py
Lib\site-packages\setuptools\command\develop.py
Lib\site-packages\setuptools\command\easy_install.py
Lib\site-packages\setuptools\command\egg_info.py
Lib\site-packages\setuptools\command\install.py
Lib\site-packages\setuptools\command\install_egg_info.py
Lib\site-packages\setuptools\command\install_lib.py
Lib\site-packages\setuptools\command\install_scripts.py
Lib\site-packages\setuptools\command\launcher manifest.xml
Lib\site-packages\setuptools\command\register.py
Lib\site-packages\setuptools\command\rotate.py
Lib\site-packages\setuptools\command\saveopts.py
Lib\site-packages\setuptools\command\sdist.py
Lib\site-packages\setuptools\command\setopt.py
Lib\site-packages\setuptools\command\test.py
Lib\site-packages\setuptools\command\upload.py
Lib\site-packages\setuptools\command\upload_docs.py
Lib\site-packages\setuptools\command\__init__.py
Lib\site-packages\setuptools\tests\doctest.py
Lib\site-packages\setuptools\tests\py26compat.py
Lib\site-packages\setuptools\tests\server.py
Lib\site-packages\setuptools\tests\test_bdist_egg.py
Lib\site-packages\setuptools\tests\test_build_ext.py
Lib\site-packages\setuptools\tests\test_develop.py
Lib\site-packages\setuptools\tests\test_dist_info.py
Lib\site-packages\setuptools\tests\test_easy_install.py
Lib\site-packages\setuptools\tests\test_egg_info.py
Lib\site-packages\setuptools\tests\test_markerlib.py
Lib\site-packages\setuptools\tests\test_packageindex.py
Lib\site-packages\setuptools\tests\test_resources.py
Lib\site-packages\setuptools\tests\test_sandbox.py
Lib\site-packages\setuptools\tests\test_sdist.py
Lib\site-packages\setuptools\tests\test_test.py
Lib\site-packages\setuptools\tests\test_upload_docs.py
Lib\site-packages\setuptools\tests\__init__.py
Lib\site-packages\setuptools\_backport\hashlib
Lib\site-packages\setuptools\_backport\__init__.py
Lib\site-packages\setuptools\_backport\hashlib\_sha.py
Lib\site-packages\setuptools\_backport\hashlib\_sha256.py
Lib\site-packages\setuptools\_backport\hashlib\_sha512.py
Lib\site-packages\setuptools\_backport\hashlib\__init__.py
Lib\site-packages\setuptools-1.0-py2.7.egg-info\dependency_links.txt
Lib\site-packages\setuptools-1.0-py2.7.egg-info\entry_points.txt
Lib\site-packages\setuptools-1.0-py2.7.egg-info\entry_points.txt.orig
Lib\site-packages\setuptools-1.0-py2.7.egg-info\PKG-INFO
Lib\site-packages\setuptools-1.0-py2.7.egg-info\requires.txt
Lib\site-packages\setuptools-1.0-py2.7.egg-info\requires.txt.orig
Lib\site-packages\setuptools-1.0-py2.7.egg-info\SOURCES.txt
Lib\site-packages\setuptools-1.0-py2.7.egg-info\top_level.txt
Lib\site-packages\setuptools-1.0-py2.7.egg-info\zip-safe
Lib\site-packages\_markerlib\markers.py
Lib\site-packages\_markerlib\__init__.py
Scripts\easy_install-2.7-script.py
Scripts\easy_install-2.7-script.bat
Scripts\easy_install-2.7.exe
Scripts\easy_install-script.py
Scripts\easy_install-script.bat
Scripts\easy_install.exe