# WPPM package installation log
# 
# Package: simplejson v3.3.0

Lib\site-packages\simplejson
Lib\site-packages\simplejson-3.3.0-py2.7.egg-info
Lib\site-packages\simplejson\tests
Lib\site-packages\simplejson\compat.py
Lib\site-packages\simplejson\decoder.py
Lib\site-packages\simplejson\encoder.py
Lib\site-packages\simplejson\ordered_dict.py
Lib\site-packages\simplejson\scanner.py
Lib\site-packages\simplejson\tool.py
Lib\site-packages\simplejson\_speedups.pyd
Lib\site-packages\simplejson\__init__.py
Lib\site-packages\simplejson\tests\test_bigint_as_string.py
Lib\site-packages\simplejson\tests\test_check_circular.py
Lib\site-packages\simplejson\tests\test_decimal.py
Lib\site-packages\simplejson\tests\test_decode.py
Lib\site-packages\simplejson\tests\test_default.py
Lib\site-packages\simplejson\tests\test_dump.py
Lib\site-packages\simplejson\tests\test_encode_basestring_ascii.py
Lib\site-packages\simplejson\tests\test_encode_for_html.py
Lib\site-packages\simplejson\tests\test_errors.py
Lib\site-packages\simplejson\tests\test_fail.py
Lib\site-packages\simplejson\tests\test_float.py
Lib\site-packages\simplejson\tests\test_for_json.py
Lib\site-packages\simplejson\tests\test_indent.py
Lib\site-packages\simplejson\tests\test_item_sort_key.py
Lib\site-packages\simplejson\tests\test_namedtuple.py
Lib\site-packages\simplejson\tests\test_pass1.py
Lib\site-packages\simplejson\tests\test_pass2.py
Lib\site-packages\simplejson\tests\test_pass3.py
Lib\site-packages\simplejson\tests\test_recursion.py
Lib\site-packages\simplejson\tests\test_scanstring.py
Lib\site-packages\simplejson\tests\test_separators.py
Lib\site-packages\simplejson\tests\test_speedups.py
Lib\site-packages\simplejson\tests\test_tool.py
Lib\site-packages\simplejson\tests\test_tuple.py
Lib\site-packages\simplejson\tests\test_unicode.py
Lib\site-packages\simplejson\tests\__init__.py