Build started 12.09.2013 21:09:55.
     1>Project "D:\Dropbox\Institute\Aspiranture\Dissertation\Development\ATEnvironment\ATEnvironment\ATEnvironment.vcxproj" on node 2 (Build target(s)).
     1>Link:
         C:\Program Files (x86)\Microsoft Visual Studio 11.0\VC\bin\x86_amd64\link.exe /ERRORREPORT:PROMPT /OUT:"D:\Dropbox\Institute\Aspiranture\Dissertation\Development\ATEnvironment\x64\Release\\ATEnvironment.exe" /NOLOGO /LIBPATH:C:\Qt\Qt5.1.1\5.1.1\msvc2012_64_opengl\lib /LIBPATH:./lib qtmain.lib Qt5Core.lib Qt5Gui.lib Qt5Widgets.lib libxml2.lib kernel32.lib user32.lib gdi32.lib winspool.lib comdlg32.lib advapi32.lib shell32.lib ole32.lib oleaut32.lib uuid.lib odbc32.lib odbccp32.lib /MANIFEST /MANIFESTUAC:"level='asInvoker' uiAccess='false'" /manifest:embed /PDB:"D:\Dropbox\Institute\Aspiranture\Dissertation\Development\ATEnvironment\x64\Release\ATEnvironment.pdb" /SUBSYSTEM:WINDOWS /TLBID:1 /DYNAMICBASE /NXCOMPAT /IMPLIB:"D:\Dropbox\Institute\Aspiranture\Dissertation\Development\ATEnvironment\x64\Release\ATEnvironment.lib" /MACHINE:X64 x64\Release\ATEnvironment.res
         x64\Release\qrc_ATEnvironment.obj
         x64\Release\moc_AOuputWidget.obj
         x64\Release\moc_APlannerWidget.obj
         x64\Release\moc_AProjectExplorer.obj
         x64\Release\moc_AQNewFileDialog.obj
         x64\Release\moc_AQNewProjectDialog.obj
         x64\Release\moc_AQProjectTreeWidget.obj
         x64\Release\moc_AQSchemesEditor.obj
         x64\Release\moc_ATEnvironment.obj
         x64\Release\main.obj
         x64\Release\AOuputWidget.obj
         x64\Release\APlannerWidget.obj
         x64\Release\AProjectExplorer.obj
         x64\Release\AQNewFileDialog.obj
         x64\Release\AQNewProjectDialog.obj
         x64\Release\AQProjectTreeWidget.obj
         x64\Release\ATEnvironment.obj
         x64\Release\AError.obj
         x64\Release\AFile.obj
         x64\Release\ANamedObject.obj
         x64\Release\AQSchemesEditor.obj
         x64\Release\AProject.obj
         x64\Release\AProjectNode.obj
         x64\Release\AScheme.obj
         ATEnvironment.vcxproj -> D:\Dropbox\Institute\Aspiranture\Dissertation\Development\ATEnvironment\x64\Release\ATEnvironment.exe
     1>Done Building Project "D:\Dropbox\Institute\Aspiranture\Dissertation\Development\ATEnvironment\ATEnvironment\ATEnvironment.vcxproj" (Build target(s)).

Build succeeded.

Time Elapsed 00:00:00.22
