Build started 03.02.2014 21:41:26.
     1>Project "D:\Projects\AT-PLANNER\ATEnvironment\ATEnvironment.vcxproj" on node 4 (Build target(s)).
     1>CustomBuild:
         Uic'ing ..\src\ATEnvironment\AConsoleWidget.ui...
         File 'D:\Projects\AT-PLANNER\src\ATEnvironment\AConsoleWidget.ui' is not valid
         Moc'ing AConsoleWidget.h...
         Moc'ing APluginsWidget.h...
         Moc'ing AProjectExplorer.h...
         Moc'ing AQNewFileDialog.h...
         Moc'ing AQNewProjectDialog.h...
         Moc'ing AQProjectTreeWidget.h...
         Moc'ing ATApplication.h...
         Moc'ing ATEnvironment.h...
         Uic'ing ..\src\ATEnvironment\AProjectExplorer.ui...
         File 'D:\Projects\AT-PLANNER\src\ATEnvironment\AProjectExplorer.ui' is not valid
         Uic'ing ..\src\ATEnvironment\AQNewFileDialog.ui...
         File 'D:\Projects\AT-PLANNER\src\ATEnvironment\AQNewFileDialog.ui' is not valid
         Uic'ing ..\src\ATEnvironment\AQNewProjectDialog.ui...
         File 'D:\Projects\AT-PLANNER\src\ATEnvironment\AQNewProjectDialog.ui' is not valid
         Uic'ing ..\src\ATEnvironment\ATEnvironment.ui...
         File 'D:\Projects\AT-PLANNER\src\ATEnvironment\ATEnvironment.ui' is not valid
         Uic'ing ..\src\ATEnvironment\forms\APluginsWidget.ui...
         File 'D:\Projects\AT-PLANNER\src\ATEnvironment\forms\APluginsWidget.ui' is not valid
     1>C:\Program Files (x86)\MSBuild\Microsoft.Cpp\v4.0\V110\Microsoft.CppCommon.targets(172,5): error MSB6006: "cmd.exe" exited with code 1.
     1>Done Building Project "D:\Projects\AT-PLANNER\ATEnvironment\ATEnvironment.vcxproj" (Build target(s)) -- FAILED.

Build FAILED.

Time Elapsed 00:00:00.88
