D:\PROJECTS\AT-PLANNER\ATENVIRONMENT\X64\DEBUG\APLUGINSWIDGET.OBJ
D:\PROJECTS\AT-PLANNER\ATENVIRONMENT\X64\DEBUG\APROJECTEXPLORER.OBJ
D:\PROJECTS\AT-PLANNER\ATENVIRONMENT\X64\DEBUG\AQNEWFILEDIALOG.OBJ
D:\PROJECTS\AT-PLANNER\ATENVIRONMENT\X64\DEBUG\AQNEWPROJECTDIALOG.OBJ
D:\PROJECTS\AT-PLANNER\ATENVIRONMENT\X64\DEBUG\AQPROJECTTREEWIDGET.OBJ
D:\PROJECTS\AT-PLANNER\ATENVIRONMENT\X64\DEBUG\MOC_APLUGINSWIDGET.OBJ
D:\PROJECTS\AT-PLANNER\ATENVIRONMENT\X64\DEBUG\MOC_APROJECTEXPLORER.OBJ
D:\PROJECTS\AT-PLANNER\ATENVIRONMENT\X64\DEBUG\MOC_AQNEWFILEDIALOG.OBJ
D:\PROJECTS\AT-PLANNER\ATENVIRONMENT\X64\DEBUG\MOC_AQNEWPROJECTDIALOG.OBJ
D:\PROJECTS\AT-PLANNER\ATENVIRONMENT\X64\DEBUG\MOC_AQPROJECTTREEWIDGET.OBJ
D:\PROJECTS\AT-PLANNER\ATENVIRONMENT\X64\DEBUG\QRC_ATENVIRONMENT.OBJ
D:\PROJECTS\AT-PLANNER\ATENVIRONMENT\X64\DEBUG\VC110.PDB
D:\PROJECTS\AT-PLANNER\ATENVIRONMENT\X64\DEBUG\ATAPPLICATION.OBJ
D:\PROJECTS\AT-PLANNER\ATENVIRONMENT\X64\DEBUG\MOC_ACONSOLEWIDGET.OBJ
D:\PROJECTS\AT-PLANNER\ATENVIRONMENT\X64\DEBUG\ACONSOLEWIDGET.OBJ
D:\PROJECTS\AT-PLANNER\ATENVIRONMENT\X64\DEBUG\MOC_ATENVIRONMENT.OBJ
D:\PROJECTS\AT-PLANNER\ATENVIRONMENT\X64\DEBUG\ATENVIRONMENT.OBJ
D:\PROJECTS\AT-PLANNER\ATENVIRONMENT\X64\DEBUG\MAIN.OBJ
D:\PROJECTS\AT-PLANNER\ATENVIRONMENT\X64\DEBUG\MOC_ATAPPLICATION.OBJ
D:\PROJECTS\AT-PLANNER\ATENVIRONMENT\GENERATEDFILES\DEBUG\MOC_ACONSOLEWIDGET.CPP
D:\PROJECTS\AT-PLANNER\ATENVIRONMENT\GENERATEDFILES\DEBUG\MOC_APROJECTEXPLORER.CPP
D:\PROJECTS\AT-PLANNER\ATENVIRONMENT\GENERATEDFILES\DEBUG\MOC_AQNEWFILEDIALOG.CPP
D:\PROJECTS\AT-PLANNER\ATENVIRONMENT\GENERATEDFILES\DEBUG\MOC_AQNEWPROJECTDIALOG.CPP
D:\PROJECTS\AT-PLANNER\ATENVIRONMENT\GENERATEDFILES\DEBUG\MOC_AQPROJECTTREEWIDGET.CPP
D:\PROJECTS\AT-PLANNER\ATENVIRONMENT\GENERATEDFILES\DEBUG\MOC_ATENVIRONMENT.CPP
D:\PROJECTS\AT-PLANNER\ATENVIRONMENT\GENERATEDFILES\QRC_ATENVIRONMENT.CPP
D:\PROJECTS\AT-PLANNER\ATENVIRONMENT\GENERATEDFILES\UI_ACONSOLEWIDGET.H
D:\PROJECTS\AT-PLANNER\ATENVIRONMENT\GENERATEDFILES\DEBUG\MOC_APLUGINSWIDGET.CPP
D:\PROJECTS\AT-PLANNER\ATENVIRONMENT\GENERATEDFILES\UI_APROJECTEXPLORER.H
D:\PROJECTS\AT-PLANNER\ATENVIRONMENT\GENERATEDFILES\UI_AQNEWFILEDIALOG.H
D:\PROJECTS\AT-PLANNER\ATENVIRONMENT\GENERATEDFILES\UI_AQNEWPROJECTDIALOG.H
D:\PROJECTS\AT-PLANNER\ATENVIRONMENT\GENERATEDFILES\UI_ATENVIRONMENT.H
D:\PROJECTS\AT-PLANNER\ATENVIRONMENT\GENERATEDFILES\UI_APLUGINSWIDGET.H
D:\PROJECTS\AT-PLANNER\ATENVIRONMENT\GENERATEDFILES\DEBUG\MOC_ATAPPLICATION.CPP
D:\PROJECTS\AT-PLANNER\X64\DEBUG\ATENVIRONMENT.ILK
D:\PROJECTS\AT-PLANNER\X64\DEBUG\ATENVIRONMENT.EXE
D:\PROJECTS\AT-PLANNER\X64\DEBUG\ATENVIRONMENT.PDB
D:\PROJECTS\AT-PLANNER\ATENVIRONMENT\X64\DEBUG\ATENVIRONMENT.RES
D:\Projects\AT-PLANNER\ATEnvironment\x64\Debug\AConsoleWidget.obj
D:\Projects\AT-PLANNER\ATEnvironment\x64\Debug\APluginsWidget.obj
D:\Projects\AT-PLANNER\ATEnvironment\x64\Debug\AProjectExplorer.obj
D:\Projects\AT-PLANNER\ATEnvironment\x64\Debug\AQNewFileDialog.obj
D:\Projects\AT-PLANNER\ATEnvironment\x64\Debug\AQNewProjectDialog.obj
D:\Projects\AT-PLANNER\ATEnvironment\x64\Debug\AQProjectTreeWidget.obj
D:\Projects\AT-PLANNER\ATEnvironment\x64\Debug\ATApplication.obj
D:\Projects\AT-PLANNER\ATEnvironment\x64\Debug\ATEnvironment.obj
D:\Projects\AT-PLANNER\ATEnvironment\x64\Debug\main.obj
D:\Projects\AT-PLANNER\ATEnvironment\x64\Debug\moc_AConsoleWidget.obj
D:\Projects\AT-PLANNER\ATEnvironment\x64\Debug\moc_APluginsWidget.obj
D:\Projects\AT-PLANNER\ATEnvironment\x64\Debug\moc_AProjectExplorer.obj
D:\Projects\AT-PLANNER\ATEnvironment\x64\Debug\moc_AQNewFileDialog.obj
D:\Projects\AT-PLANNER\ATEnvironment\x64\Debug\moc_AQNewProjectDialog.obj
D:\Projects\AT-PLANNER\ATEnvironment\x64\Debug\moc_AQProjectTreeWidget.obj
D:\Projects\AT-PLANNER\ATEnvironment\x64\Debug\moc_ATApplication.obj
D:\Projects\AT-PLANNER\ATEnvironment\x64\Debug\moc_ATEnvironment.obj
D:\Projects\AT-PLANNER\ATEnvironment\x64\Debug\qrc_ATEnvironment.obj
D:\Projects\AT-PLANNER\ATEnvironment\x64\Debug\CL.1752.read.1.tlog
D:\Projects\AT-PLANNER\ATEnvironment\x64\Debug\CL.1752.write.1.tlog
D:\Projects\AT-PLANNER\ATEnvironment\x64\Debug\CL.1852.read.1.tlog
D:\Projects\AT-PLANNER\ATEnvironment\x64\Debug\CL.1852.write.1.tlog
D:\Projects\AT-PLANNER\ATEnvironment\x64\Debug\CL.3284.read.1.tlog
D:\Projects\AT-PLANNER\ATEnvironment\x64\Debug\CL.3284.write.1.tlog
D:\Projects\AT-PLANNER\ATEnvironment\x64\Debug\CL.3580.read.1.tlog
D:\Projects\AT-PLANNER\ATEnvironment\x64\Debug\CL.3580.write.1.tlog
D:\Projects\AT-PLANNER\ATEnvironment\x64\Debug\CL.3768.read.1.tlog
D:\Projects\AT-PLANNER\ATEnvironment\x64\Debug\CL.3768.write.1.tlog
D:\Projects\AT-PLANNER\ATEnvironment\x64\Debug\CL.3848.read.1.tlog
D:\Projects\AT-PLANNER\ATEnvironment\x64\Debug\CL.3848.write.1.tlog
D:\Projects\AT-PLANNER\ATEnvironment\x64\Debug\CL.4088.read.1.tlog
D:\Projects\AT-PLANNER\ATEnvironment\x64\Debug\CL.4088.write.1.tlog
D:\Projects\AT-PLANNER\ATEnvironment\x64\Debug\CL.4092.read.1.tlog
D:\Projects\AT-PLANNER\ATEnvironment\x64\Debug\CL.4092.write.1.tlog
D:\Projects\AT-PLANNER\ATEnvironment\x64\Debug\CL.4276.read.1.tlog
D:\Projects\AT-PLANNER\ATEnvironment\x64\Debug\CL.4276.write.1.tlog
D:\Projects\AT-PLANNER\ATEnvironment\x64\Debug\CL.4292.read.1.tlog
D:\Projects\AT-PLANNER\ATEnvironment\x64\Debug\CL.4292.write.1.tlog
D:\Projects\AT-PLANNER\ATEnvironment\x64\Debug\CL.4588.read.1.tlog
D:\Projects\AT-PLANNER\ATEnvironment\x64\Debug\CL.4588.write.1.tlog
D:\Projects\AT-PLANNER\ATEnvironment\x64\Debug\CL.5640.read.1.tlog
D:\Projects\AT-PLANNER\ATEnvironment\x64\Debug\CL.5640.write.1.tlog
D:\Projects\AT-PLANNER\ATEnvironment\x64\Debug\CL.5744.read.1.tlog
D:\Projects\AT-PLANNER\ATEnvironment\x64\Debug\CL.5744.write.1.tlog
D:\Projects\AT-PLANNER\ATEnvironment\x64\Debug\CL.5788.read.1.tlog
D:\Projects\AT-PLANNER\ATEnvironment\x64\Debug\CL.5788.write.1.tlog
D:\Projects\AT-PLANNER\ATEnvironment\x64\Debug\CL.5884.read.1.tlog
D:\Projects\AT-PLANNER\ATEnvironment\x64\Debug\CL.5884.write.1.tlog
D:\Projects\AT-PLANNER\ATEnvironment\x64\Debug\CL.6388.read.1.tlog
D:\Projects\AT-PLANNER\ATEnvironment\x64\Debug\CL.6388.write.1.tlog
D:\Projects\AT-PLANNER\ATEnvironment\x64\Debug\CL.6552.read.1.tlog
D:\Projects\AT-PLANNER\ATEnvironment\x64\Debug\CL.6552.write.1.tlog
D:\Projects\AT-PLANNER\ATEnvironment\x64\Debug\CL.6588.read.1.tlog
D:\Projects\AT-PLANNER\ATEnvironment\x64\Debug\CL.6588.write.1.tlog
D:\Projects\AT-PLANNER\ATEnvironment\x64\Debug\CL.6732.read.1.tlog
D:\Projects\AT-PLANNER\ATEnvironment\x64\Debug\CL.6732.write.1.tlog
D:\Projects\AT-PLANNER\ATEnvironment\x64\Debug\CL.6776.read.1.tlog
D:\Projects\AT-PLANNER\ATEnvironment\x64\Debug\CL.6776.write.1.tlog
D:\Projects\AT-PLANNER\ATEnvironment\x64\Debug\CL.7104.read.1.tlog
D:\Projects\AT-PLANNER\ATEnvironment\x64\Debug\CL.7104.write.1.tlog
D:\Projects\AT-PLANNER\ATEnvironment\x64\Debug\CL.7372.read.1.tlog
D:\Projects\AT-PLANNER\ATEnvironment\x64\Debug\CL.7372.write.1.tlog
D:\Projects\AT-PLANNER\ATEnvironment\x64\Debug\CL.7400.read.1.tlog
D:\Projects\AT-PLANNER\ATEnvironment\x64\Debug\CL.7400.write.1.tlog
D:\Projects\AT-PLANNER\ATEnvironment\x64\Debug\CL.7536.read.1.tlog
D:\Projects\AT-PLANNER\ATEnvironment\x64\Debug\CL.7536.write.1.tlog
D:\Projects\AT-PLANNER\ATEnvironment\x64\Debug\CL.7544.read.1.tlog
D:\Projects\AT-PLANNER\ATEnvironment\x64\Debug\CL.7544.write.1.tlog
D:\Projects\AT-PLANNER\ATEnvironment\x64\Debug\CL.7552.read.1.tlog
D:\Projects\AT-PLANNER\ATEnvironment\x64\Debug\CL.7552.write.1.tlog
D:\Projects\AT-PLANNER\ATEnvironment\x64\Debug\CL.7560.read.1.tlog
D:\Projects\AT-PLANNER\ATEnvironment\x64\Debug\CL.7560.write.1.tlog
D:\Projects\AT-PLANNER\ATEnvironment\x64\Debug\CL.7616.read.1.tlog
D:\Projects\AT-PLANNER\ATEnvironment\x64\Debug\CL.7616.write.1.tlog
D:\Projects\AT-PLANNER\ATEnvironment\x64\Debug\CL.7716.read.1.tlog
D:\Projects\AT-PLANNER\ATEnvironment\x64\Debug\CL.7716.write.1.tlog
D:\Projects\AT-PLANNER\ATEnvironment\x64\Debug\CL.8004.read.1.tlog
D:\Projects\AT-PLANNER\ATEnvironment\x64\Debug\CL.8004.write.1.tlog
D:\Projects\AT-PLANNER\ATEnvironment\x64\Debug\cl.command.1.tlog
D:\Projects\AT-PLANNER\ATEnvironment\x64\Debug\CL.read.1.tlog
D:\Projects\AT-PLANNER\ATEnvironment\x64\Debug\cl.write.1.tlog
D:\Projects\AT-PLANNER\ATEnvironment\x64\Debug\custombuild.command.1.tlog
D:\Projects\AT-PLANNER\ATEnvironment\x64\Debug\custombuild.read.1.tlog
D:\Projects\AT-PLANNER\ATEnvironment\x64\Debug\custombuild.write.1.tlog
D:\Projects\AT-PLANNER\ATEnvironment\x64\Debug\link-cvtres.read.1.tlog
D:\Projects\AT-PLANNER\ATEnvironment\x64\Debug\link-cvtres.write.1.tlog
D:\Projects\AT-PLANNER\ATEnvironment\x64\Debug\link-rc.read.1.tlog
D:\Projects\AT-PLANNER\ATEnvironment\x64\Debug\link-rc.write.1.tlog
D:\Projects\AT-PLANNER\ATEnvironment\x64\Debug\link.2272-cvtres.read.1.tlog
D:\Projects\AT-PLANNER\ATEnvironment\x64\Debug\link.2272-cvtres.write.1.tlog
D:\Projects\AT-PLANNER\ATEnvironment\x64\Debug\link.2272-rc.read.1.tlog
D:\Projects\AT-PLANNER\ATEnvironment\x64\Debug\link.2272-rc.write.1.tlog
D:\Projects\AT-PLANNER\ATEnvironment\x64\Debug\link.2272.read.1.tlog
D:\Projects\AT-PLANNER\ATEnvironment\x64\Debug\link.2272.write.1.tlog
D:\Projects\AT-PLANNER\ATEnvironment\x64\Debug\link.5104-cvtres.read.1.tlog
D:\Projects\AT-PLANNER\ATEnvironment\x64\Debug\link.5104-cvtres.write.1.tlog
D:\Projects\AT-PLANNER\ATEnvironment\x64\Debug\link.5104-rc.read.1.tlog
D:\Projects\AT-PLANNER\ATEnvironment\x64\Debug\link.5104-rc.write.1.tlog
D:\Projects\AT-PLANNER\ATEnvironment\x64\Debug\link.5104.read.1.tlog
D:\Projects\AT-PLANNER\ATEnvironment\x64\Debug\link.5104.write.1.tlog
D:\Projects\AT-PLANNER\ATEnvironment\x64\Debug\link.6240-cvtres.read.1.tlog
D:\Projects\AT-PLANNER\ATEnvironment\x64\Debug\link.6240-cvtres.write.1.tlog
D:\Projects\AT-PLANNER\ATEnvironment\x64\Debug\link.6240-rc.read.1.tlog
D:\Projects\AT-PLANNER\ATEnvironment\x64\Debug\link.6240-rc.write.1.tlog
D:\Projects\AT-PLANNER\ATEnvironment\x64\Debug\link.6240.read.1.tlog
D:\Projects\AT-PLANNER\ATEnvironment\x64\Debug\link.6240.write.1.tlog
D:\Projects\AT-PLANNER\ATEnvironment\x64\Debug\link.7976-cvtres.read.1.tlog
D:\Projects\AT-PLANNER\ATEnvironment\x64\Debug\link.7976-cvtres.write.1.tlog
D:\Projects\AT-PLANNER\ATEnvironment\x64\Debug\link.7976-rc.read.1.tlog
D:\Projects\AT-PLANNER\ATEnvironment\x64\Debug\link.7976-rc.write.1.tlog
D:\Projects\AT-PLANNER\ATEnvironment\x64\Debug\link.7976.read.1.tlog
D:\Projects\AT-PLANNER\ATEnvironment\x64\Debug\link.7976.write.1.tlog
D:\Projects\AT-PLANNER\ATEnvironment\x64\Debug\link.command.1.tlog
D:\Projects\AT-PLANNER\ATEnvironment\x64\Debug\link.read.1.tlog
D:\Projects\AT-PLANNER\ATEnvironment\x64\Debug\link.write.1.tlog
D:\Projects\AT-PLANNER\ATEnvironment\x64\Debug\rc.command.1.tlog
D:\Projects\AT-PLANNER\ATEnvironment\x64\Debug\rc.read.1.tlog
D:\Projects\AT-PLANNER\ATEnvironment\x64\Debug\rc.write.1.tlog
D:\Projects\AT-PLANNER\ATEnvironment\x64\Debug\ATEnvironment.res
D:\Projects\AT-PLANNER\ATEnvironment\x64\Debug\vc110.pdb
D:\Projects\AT-PLANNER\x64\Debug\ATEnvironment.pdb
D:\Projects\AT-PLANNER\x64\Debug\ATEnvironment.exe
D:\Projects\AT-PLANNER\x64\Debug\ATEnvironment.ilk
