Build started 09.09.2013 10:44:27.
     1>Project "D:\Dropbox\Institute\Aspiranture\Dissertation\Development\ATEnvironment\ATEnvironment\ATEnvironment.vcxproj" on node 2 (Build target(s)).
     1>CustomBuild:
         Moc'ing ATEnvironment.h...
         Uic'ing ATEnvironment.ui...
         Rcc'ing ATEnvironment.qrc...
     1>RCC : warning : No resources in 'D:\Dropbox\Institute\Aspiranture\Dissertation\Development\ATEnvironment\ATEnvironment\ATEnvironment.qrc'.
         
       ClCompile:
         C:\Program Files (x86)\Microsoft Visual Studio 11.0\VC\bin\CL.exe /c /I.\GeneratedFiles /I. /IC:\Qt\Qt5.1.0\5.1.0\msvc2012_64_opengl\include /I.\GeneratedFiles\Debug /IC:\Qt\Qt5.1.0\5.1.0\msvc2012_64_opengl\include\QtCore /IC:\Qt\Qt5.1.0\5.1.0\msvc2012_64_opengl\include\QtGui /IC:\Qt\Qt5.1.0\5.1.0\msvc2012_64_opengl\include\QtWidgets /Zi /nologo /W1 /WX- /Od /Oy- /D UNICODE /D WIN32 /D WIN64 /D QT_DLL /D QT_CORE_LIB /D QT_GUI_LIB /D QT_WIDGETS_LIB /Gm- /EHsc /MDd /GS /fp:precise /Zc:wchar_t- /Zc:forScope /Fo"Debug\\" /Fd"Debug\vc110.pdb" /Gd /TP /analyze- /errorReport:prompt ATEnvironment.cpp GeneratedFiles\Debug\moc_ATEnvironment.cpp main.cpp
         ATEnvironment.cpp
         moc_ATEnvironment.cpp
         main.cpp
         Generating Code...
         C:\Program Files (x86)\Microsoft Visual Studio 11.0\VC\bin\CL.exe /c /I.\GeneratedFiles /I. /IC:\Qt\Qt5.1.0\5.1.0\msvc2012_64_opengl\include /I.\GeneratedFiles\Debug /IC:\Qt\Qt5.1.0\5.1.0\msvc2012_64_opengl\include\QtCore /IC:\Qt\Qt5.1.0\5.1.0\msvc2012_64_opengl\include\QtGui /IC:\Qt\Qt5.1.0\5.1.0\msvc2012_64_opengl\include\QtWidgets /Zi /nologo /W1 /WX- /Od /Oy- /D UNICODE /D WIN32 /D WIN64 /D QT_DLL /D QT_CORE_LIB /D QT_GUI_LIB /D QT_WIDGETS_LIB /Gm- /EHsc /MDd /GS /fp:precise /Zc:wchar_t- /Zc:forScope /Fo"Debug\\" /Fd"Debug\vc110.pdb" /Gd /TP /analyze- /errorReport:prompt GeneratedFiles\qrc_ATEnvironment.cpp
         qrc_ATEnvironment.cpp
       ResourceCompile:
         C:\Program Files (x86)\Windows Kits\8.0\bin\x86\rc.exe /l"0x0409" /nologo /fo"Debug\ATEnvironment.res" ATEnvironment.rc 
       Link:
         C:\Program Files (x86)\Microsoft Visual Studio 11.0\VC\bin\link.exe /ERRORREPORT:PROMPT /OUT:"D:\Dropbox\Institute\Aspiranture\Dissertation\Development\ATEnvironment\Win32\Debug\\ATEnvironment.exe" /NOLOGO /LIBPATH:C:\Qt\Qt5.1.0\5.1.0\msvc2012_64_opengl\lib qtmaind.lib Qt5Cored.lib Qt5Guid.lib Qt5Widgetsd.lib kernel32.lib user32.lib gdi32.lib winspool.lib comdlg32.lib advapi32.lib shell32.lib ole32.lib oleaut32.lib uuid.lib odbc32.lib odbccp32.lib /MANIFEST /MANIFESTUAC:"level='asInvoker' uiAccess='false'" /manifest:embed /DEBUG /PDB:"D:\Dropbox\Institute\Aspiranture\Dissertation\Development\ATEnvironment\Win32\Debug\ATEnvironment.pdb" /SUBSYSTEM:WINDOWS /TLBID:1 /DYNAMICBASE /NXCOMPAT /IMPLIB:"D:\Dropbox\Institute\Aspiranture\Dissertation\Development\ATEnvironment\Win32\Debug\ATEnvironment.lib" /MACHINE:X86 /SAFESEH Debug\ATEnvironment.res
         Debug\ATEnvironment.obj
         Debug\moc_ATEnvironment.obj
         Debug\qrc_ATEnvironment.obj
         Debug\main.obj
     1>Qt5Widgetsd.lib(Qt5Widgetsd.dll) : fatal error LNK1112: module machine type 'x64' conflicts with target machine type 'X86'
     1>Done Building Project "D:\Dropbox\Institute\Aspiranture\Dissertation\Development\ATEnvironment\ATEnvironment\ATEnvironment.vcxproj" (Build target(s)) -- FAILED.

Build FAILED.

Time Elapsed 00:00:03.27
